[21-Jun-2019 20:03:37 Asia/Tokyo] デバッグ：「「「「「「「「「「「「「「「「「「「「「「「「「「「「「「「「「「「「「「「「
[21-Jun-2019 20:03:37 Asia/Tokyo] デバッグ：「　ログアウトページ　
[21-Jun-2019 20:03:37 Asia/Tokyo] デバッグ：「「「「「「「「「「「「「「「「「「「「「「「「「「「「「「「「「「「「「「「「
[21-Jun-2019 20:03:37 Asia/Tokyo] デバッグ：>>>>>>>>>>>>>>>>>>>>>>>>>>>>>>>>>>>>>>>>>>>>>>>> 画面表示処理開始
[21-Jun-2019 20:03:37 Asia/Tokyo] デバッグ：セッションID：5h4d9hg9tcmt7l9a89iho9mdbl
[21-Jun-2019 20:03:37 Asia/Tokyo] デバッグ：セッション変数の中身：Array
(
)

[21-Jun-2019 20:03:37 Asia/Tokyo] デバッグ：現在日時タイムスタンプ：1561115017
[21-Jun-2019 20:03:37 Asia/Tokyo] デバッグ：ログアウトします。
[21-Jun-2019 20:03:37 Asia/Tokyo] デバッグ：ログインページへ遷移します。
[21-Jun-2019 20:03:42 Asia/Tokyo] デバッグ：「「「「「「「「「「「「「「「「「「「「「「「「「「「「「「「「「「「「「「「「
[21-Jun-2019 20:03:42 Asia/Tokyo] デバッグ：「　ログアウトページ　
[21-Jun-2019 20:03:42 Asia/Tokyo] デバッグ：「「「「「「「「「「「「「「「「「「「「「「「「「「「「「「「「「「「「「「「「
[21-Jun-2019 20:03:42 Asia/Tokyo] デバッグ：>>>>>>>>>>>>>>>>>>>>>>>>>>>>>>>>>>>>>>>>>>>>>>>> 画面表示処理開始
[21-Jun-2019 20:03:42 Asia/Tokyo] デバッグ：セッションID：c4cl34cj1pb42rjjsp1gast270
[21-Jun-2019 20:03:42 Asia/Tokyo] デバッグ：セッション変数の中身：Array
(
)

[21-Jun-2019 20:03:42 Asia/Tokyo] デバッグ：現在日時タイムスタンプ：1561115022
[21-Jun-2019 20:03:42 Asia/Tokyo] デバッグ：ログアウトします。
[21-Jun-2019 20:03:42 Asia/Tokyo] デバッグ：ログインページへ遷移します。
[21-Jun-2019 20:10:49 Asia/Tokyo] デバッグ：「「「「「「「「「「「「「「「「「「「「「「「「「「「「「「「「「「「「「「「「
[21-Jun-2019 20:10:49 Asia/Tokyo] デバッグ：「　ログアウトページ　
[21-Jun-2019 20:10:49 Asia/Tokyo] デバッグ：「「「「「「「「「「「「「「「「「「「「「「「「「「「「「「「「「「「「「「「「
[21-Jun-2019 20:10:49 Asia/Tokyo] デバッグ：>>>>>>>>>>>>>>>>>>>>>>>>>>>>>>>>>>>>>>>>>>>>>>>> 画面表示処理開始
[21-Jun-2019 20:10:49 Asia/Tokyo] デバッグ：セッションID：vd247t1vi9u4d075ngaj9pjnl4
[21-Jun-2019 20:10:49 Asia/Tokyo] デバッグ：セッション変数の中身：Array
(
)

[21-Jun-2019 20:10:49 Asia/Tokyo] デバッグ：現在日時タイムスタンプ：1561115449
[21-Jun-2019 20:10:49 Asia/Tokyo] デバッグ：ログアウトします。
[21-Jun-2019 20:10:49 Asia/Tokyo] デバッグ：ログインページへ遷移します。
[21-Jun-2019 22:36:58 Asia/Tokyo] デバッグ：「「「「「「「「「「「「「「「「「「「「「「「「「「「「「「「「「「「「「「「「
[21-Jun-2019 22:36:58 Asia/Tokyo] デバッグ：「　ログアウトページ　
[21-Jun-2019 22:36:58 Asia/Tokyo] デバッグ：「「「「「「「「「「「「「「「「「「「「「「「「「「「「「「「「「「「「「「「「
[21-Jun-2019 22:36:58 Asia/Tokyo] デバッグ：>>>>>>>>>>>>>>>>>>>>>>>>>>>>>>>>>>>>>>>>>>>>>>>> 画面表示処理開始
[21-Jun-2019 22:36:58 Asia/Tokyo] デバッグ：セッションID：95ido8416cfd4vb6ku2lpus4n2
[21-Jun-2019 22:36:58 Asia/Tokyo] デバッグ：セッション変数の中身：Array
(
)

[21-Jun-2019 22:36:58 Asia/Tokyo] デバッグ：現在日時タイムスタンプ：1561124218
[21-Jun-2019 22:36:58 Asia/Tokyo] デバッグ：ログアウトします。
[21-Jun-2019 22:36:58 Asia/Tokyo] デバッグ：ログインページへ遷移します。
[21-Jun-2019 23:02:38 Asia/Tokyo] デバッグ：「「「「「「「「「「「「「「「「「「「「「「「「「「「「「「「「「「「「「「「「
[21-Jun-2019 23:02:38 Asia/Tokyo] デバッグ：「　ログアウトページ　
[21-Jun-2019 23:02:38 Asia/Tokyo] デバッグ：「「「「「「「「「「「「「「「「「「「「「「「「「「「「「「「「「「「「「「「「
[21-Jun-2019 23:02:38 Asia/Tokyo] デバッグ：>>>>>>>>>>>>>>>>>>>>>>>>>>>>>>>>>>>>>>>>>>>>>>>> 画面表示処理開始
[21-Jun-2019 23:02:38 Asia/Tokyo] デバッグ：セッションID：sugucoj2o8b8cr1h6kj15kcdke
[21-Jun-2019 23:02:38 Asia/Tokyo] デバッグ：セッション変数の中身：Array
(
)

[21-Jun-2019 23:02:38 Asia/Tokyo] デバッグ：現在日時タイムスタンプ：1561125758
[21-Jun-2019 23:02:38 Asia/Tokyo] デバッグ：ログアウトします。
[21-Jun-2019 23:02:38 Asia/Tokyo] デバッグ：ログインページへ遷移します。
[21-Jun-2019 23:03:48 Asia/Tokyo] デバッグ：「「「「「「「「「「「「「「「「「「「「「「「「「「「「「「「「「「「「「「「「
[21-Jun-2019 23:03:48 Asia/Tokyo] デバッグ：「　ログアウトページ　
[21-Jun-2019 23:03:48 Asia/Tokyo] デバッグ：「「「「「「「「「「「「「「「「「「「「「「「「「「「「「「「「「「「「「「「「
[21-Jun-2019 23:03:48 Asia/Tokyo] デバッグ：>>>>>>>>>>>>>>>>>>>>>>>>>>>>>>>>>>>>>>>>>>>>>>>> 画面表示処理開始
[21-Jun-2019 23:03:48 Asia/Tokyo] デバッグ：セッションID：k0qvu97iht8apbi18vm6k1l9sf
[21-Jun-2019 23:03:48 Asia/Tokyo] デバッグ：セッション変数の中身：Array
(
)

[21-Jun-2019 23:03:48 Asia/Tokyo] デバッグ：現在日時タイムスタンプ：1561125828
[21-Jun-2019 23:03:48 Asia/Tokyo] デバッグ：ログアウトします。
[21-Jun-2019 23:03:48 Asia/Tokyo] デバッグ：ログインページへ遷移します。
[21-Jun-2019 23:25:54 Asia/Tokyo] デバッグ：「「「「「「「「「「「「「「「「「「「「「「「「「「「「「「「「「「「「「「「「
[21-Jun-2019 23:25:54 Asia/Tokyo] デバッグ：「　ログアウトページ　
[21-Jun-2019 23:25:54 Asia/Tokyo] デバッグ：「「「「「「「「「「「「「「「「「「「「「「「「「「「「「「「「「「「「「「「「
[21-Jun-2019 23:25:54 Asia/Tokyo] デバッグ：>>>>>>>>>>>>>>>>>>>>>>>>>>>>>>>>>>>>>>>>>>>>>>>> 画面表示処理開始
[21-Jun-2019 23:25:54 Asia/Tokyo] デバッグ：セッションID：2m1ahulus2r2t94b344pma32ga
[21-Jun-2019 23:25:54 Asia/Tokyo] デバッグ：セッション変数の中身：Array
(
)

[21-Jun-2019 23:25:54 Asia/Tokyo] デバッグ：現在日時タイムスタンプ：1561127154
[21-Jun-2019 23:25:54 Asia/Tokyo] デバッグ：ログアウトします。
[21-Jun-2019 23:25:54 Asia/Tokyo] デバッグ：ログインページへ遷移します。
[21-Jun-2019 23:55:52 Asia/Tokyo] デバッグ：「「「「「「「「「「「「「「「「「「「「「「「「「「「「「「「「「「「「「「「「
[21-Jun-2019 23:55:52 Asia/Tokyo] デバッグ：「　ログアウトページ　
[21-Jun-2019 23:55:52 Asia/Tokyo] デバッグ：「「「「「「「「「「「「「「「「「「「「「「「「「「「「「「「「「「「「「「「「
[21-Jun-2019 23:55:52 Asia/Tokyo] デバッグ：>>>>>>>>>>>>>>>>>>>>>>>>>>>>>>>>>>>>>>>>>>>>>>>> 画面表示処理開始
[21-Jun-2019 23:55:52 Asia/Tokyo] デバッグ：セッションID：jdtum62s9knke1ak25rraphjec
[21-Jun-2019 23:55:52 Asia/Tokyo] デバッグ：セッション変数の中身：Array
(
)

[21-Jun-2019 23:55:52 Asia/Tokyo] デバッグ：現在日時タイムスタンプ：1561128952
[21-Jun-2019 23:55:52 Asia/Tokyo] デバッグ：ログアウトします。
[21-Jun-2019 23:55:52 Asia/Tokyo] デバッグ：ログインページへ遷移します。
[24-Jun-2019 01:15:07 Asia/Tokyo] デバッグ：「「「「「「「「「「「「「「「「「「「「「「「「「「「「「「「「「「「「「「「「
[24-Jun-2019 01:15:07 Asia/Tokyo] デバッグ：「　ログアウトページ　
[24-Jun-2019 01:15:07 Asia/Tokyo] デバッグ：「「「「「「「「「「「「「「「「「「「「「「「「「「「「「「「「「「「「「「「「
[24-Jun-2019 01:15:07 Asia/Tokyo] デバッグ：>>>>>>>>>>>>>>>>>>>>>>>>>>>>>>>>>>>>>>>>>>>>>>>> 画面表示処理開始
[24-Jun-2019 01:15:07 Asia/Tokyo] デバッグ：セッションID：d5rq2pm7jj0beafmn529ce7er7
[24-Jun-2019 01:15:07 Asia/Tokyo] デバッグ：セッション変数の中身：Array
(
)

[24-Jun-2019 01:15:07 Asia/Tokyo] デバッグ：現在日時タイムスタンプ：1561306507
[24-Jun-2019 01:15:07 Asia/Tokyo] デバッグ：ログアウトします。
[24-Jun-2019 01:15:07 Asia/Tokyo] デバッグ：ログインページへ遷移します。
[24-Jun-2019 01:30:15 Asia/Tokyo] デバッグ：「「「「「「「「「「「「「「「「「「「「「「「「「「「「「「「「「「「「「「「「
[24-Jun-2019 01:30:15 Asia/Tokyo] デバッグ：「　ログアウトページ　
[24-Jun-2019 01:30:15 Asia/Tokyo] デバッグ：「「「「「「「「「「「「「「「「「「「「「「「「「「「「「「「「「「「「「「「「
[24-Jun-2019 01:30:15 Asia/Tokyo] デバッグ：>>>>>>>>>>>>>>>>>>>>>>>>>>>>>>>>>>>>>>>>>>>>>>>> 画面表示処理開始
[24-Jun-2019 01:30:15 Asia/Tokyo] デバッグ：セッションID：rmmr8rkif18mohnjt80asu01pf
[24-Jun-2019 01:30:15 Asia/Tokyo] デバッグ：セッション変数の中身：Array
(
)

[24-Jun-2019 01:30:15 Asia/Tokyo] デバッグ：現在日時タイムスタンプ：1561307415
[24-Jun-2019 01:30:15 Asia/Tokyo] デバッグ：ログアウトします。
[24-Jun-2019 01:30:15 Asia/Tokyo] デバッグ：ログインページへ遷移します。
